21/03/2023:14:37:59 234 [ScientificCalculator.java] [INFO] ScientificCalculator [SQRT] - 4.0
21/03/2023:14:37:59 259 [ScientificCalculator.java] [INFO] ScientificCalculator [RESULT - SQRT] - 2.0
21/03/2023:14:37:59 273 [ScientificCalculator.java] [INFO] ScientificCalculator [SQRT] - 9.0
21/03/2023:14:37:59 273 [ScientificCalculator.java] [INFO] ScientificCalculator [RESULT - SQRT] - 3.0
21/03/2023:14:37:59 274 [ScientificCalculator.java] [INFO] ScientificCalculator [SQRT] - 16.0
21/03/2023:14:37:59 274 [ScientificCalculator.java] [INFO] ScientificCalculator [RESULT - SQRT] - 4.0
21/03/2023:14:37:59 275 [ScientificCalculator.java] [INFO] ScientificCalculator [SQRT] - 25.0
21/03/2023:14:37:59 275 [ScientificCalculator.java] [INFO] ScientificCalculator [RESULT - SQRT] - 5.0
21/03/2023:14:37:59 275 [ScientificCalculator.java] [INFO] ScientificCalculator [SQRT] - 36.0
21/03/2023:14:37:59 276 [ScientificCalculator.java] [INFO] ScientificCalculator [RESULT - SQRT] - 6.0
21/03/2023:14:37:59 277 [ScientificCalculator.java] [INFO] ScientificCalculator [LOG] - 2.718281828459045
21/03/2023:14:37:59 277 [ScientificCalculator.java] [INFO] ScientificCalculator [RESULT - LOG] - 1.0
21/03/2023:14:37:59 278 [ScientificCalculator.java] [INFO] ScientificCalculator [LOG] - 1.0
21/03/2023:14:37:59 278 [ScientificCalculator.java] [INFO] ScientificCalculator [RESULT - LOG] - 0.0
21/03/2023:14:37:59 278 [ScientificCalculator.java] [INFO] ScientificCalculator [LOG] - 2.0
21/03/2023:14:37:59 279 [ScientificCalculator.java] [INFO] ScientificCalculator [RESULT - LOG] - 0.6931471805599453
21/03/2023:14:37:59 279 [ScientificCalculator.java] [INFO] ScientificCalculator [LOG] - 4.0
21/03/2023:14:37:59 280 [ScientificCalculator.java] [INFO] ScientificCalculator [RESULT - LOG] - 1.3862943611198906
21/03/2023:14:37:59 280 [ScientificCalculator.java] [INFO] ScientificCalculator [LOG] - 10.0
21/03/2023:14:37:59 281 [ScientificCalculator.java] [INFO] ScientificCalculator [RESULT - LOG] - 2.302585092994046
21/03/2023:14:37:59 290 [ScientificCalculator.java] [INFO] ScientificCalculator [POW] - 2.0, 2.0
21/03/2023:14:37:59 291 [ScientificCalculator.java] [INFO] ScientificCalculator [RESULT - POW] - 4.0
21/03/2023:14:37:59 291 [ScientificCalculator.java] [INFO] ScientificCalculator [POW] - 2.0, 3.0
21/03/2023:14:37:59 292 [ScientificCalculator.java] [INFO] ScientificCalculator [RESULT - POW] - 8.0
21/03/2023:14:37:59 292 [ScientificCalculator.java] [INFO] ScientificCalculator [POW] - 3.0, 2.0
21/03/2023:14:37:59 292 [ScientificCalculator.java] [INFO] ScientificCalculator [RESULT - POW] - 9.0
21/03/2023:14:37:59 293 [ScientificCalculator.java] [INFO] ScientificCalculator [POW] - 3.0, 4.0
21/03/2023:14:37:59 293 [ScientificCalculator.java] [INFO] ScientificCalculator [RESULT - POW] - 81.0
21/03/2023:14:37:59 293 [ScientificCalculator.java] [INFO] ScientificCalculator [POW] - 10.0, 2.0
21/03/2023:14:37:59 294 [ScientificCalculator.java] [INFO] ScientificCalculator [RESULT - POW] - 100.0
21/03/2023:14:37:59 294 [ScientificCalculator.java] [INFO] ScientificCalculator [FACT] - 0
21/03/2023:14:37:59 295 [ScientificCalculator.java] [INFO] ScientificCalculator [RESULT - FACT] - 1
21/03/2023:14:37:59 296 [ScientificCalculator.java] [INFO] ScientificCalculator [FACT] - 1
21/03/2023:14:37:59 296 [ScientificCalculator.java] [INFO] ScientificCalculator [RESULT - FACT] - 1
21/03/2023:14:37:59 296 [ScientificCalculator.java] [INFO] ScientificCalculator [FACT] - 3
21/03/2023:14:37:59 296 [ScientificCalculator.java] [INFO] ScientificCalculator [RESULT - FACT] - 6
21/03/2023:14:37:59 297 [ScientificCalculator.java] [INFO] ScientificCalculator [FACT] - 4
21/03/2023:14:37:59 297 [ScientificCalculator.java] [INFO] ScientificCalculator [RESULT - FACT] - 24
21/03/2023:14:37:59 298 [ScientificCalculator.java] [INFO] ScientificCalculator [FACT] - 6
21/03/2023:14:37:59 298 [ScientificCalculator.java] [INFO] ScientificCalculator [RESULT - FACT] - 720
21/03/2023:23:34:10 008 [ScientificCalculator.java] [INFO] ScientificCalculator [SQRT] - 4.0
21/03/2023:23:34:10 058 [ScientificCalculator.java] [INFO] ScientificCalculator [RESULT - SQRT] - 2.0
21/03/2023:23:34:10 083 [ScientificCalculator.java] [INFO] ScientificCalculator [SQRT] - 4.0
21/03/2023:23:34:10 085 [ScientificCalculator.java] [INFO] ScientificCalculator [RESULT - SQRT] - 2.0
21/03/2023:23:34:10 094 [ScientificCalculator.java] [INFO] ScientificCalculator [FACT] - 5
21/03/2023:23:34:10 096 [ScientificCalculator.java] [INFO] ScientificCalculator [RESULT - FACT] - 120
21/03/2023:23:34:10 097 [ScientificCalculator.java] [INFO] ScientificCalculator [FACT] - 5
21/03/2023:23:34:10 097 [ScientificCalculator.java] [INFO] ScientificCalculator [RESULT - FACT] - 120
21/03/2023:23:34:10 099 [ScientificCalculator.java] [INFO] ScientificCalculator [LOG] - 2.718281828459045
21/03/2023:23:34:10 102 [ScientificCalculator.java] [INFO] ScientificCalculator [RESULT - LOG] - 1.0
21/03/2023:23:34:10 105 [ScientificCalculator.java] [INFO] ScientificCalculator [LOG] - 2.718281828459045
21/03/2023:23:34:10 107 [ScientificCalculator.java] [INFO] ScientificCalculator [RESULT - LOG] - 1.0
21/03/2023:23:34:10 125 [ScientificCalculator.java] [INFO] ScientificCalculator [POW] - 2.0, 4.0
21/03/2023:23:34:10 125 [ScientificCalculator.java] [INFO] ScientificCalculator [RESULT - POW] - 16.0
21/03/2023:23:34:10 126 [ScientificCalculator.java] [INFO] ScientificCalculator [POW] - 2.0, 4.0
21/03/2023:23:34:10 126 [ScientificCalculator.java] [INFO] ScientificCalculator [RESULT - POW] - 16.0
21/03/2023:23:58:39 440 [ScientificCalculator.java] [INFO] ScientificCalculator [FACT] - 4
21/03/2023:23:58:39 455 [ScientificCalculator.java] [INFO] ScientificCalculator [RESULT - FACT] - 24
22/03/2023:00:01:30 991 [ScientificCalculator.java] [INFO] ScientificCalculator [FACT] - 4
22/03/2023:00:01:31 003 [ScientificCalculator.java] [INFO] ScientificCalculator [RESULT - FACT] - 24
25/03/2023:19:15:38 088 [ScientificCalculator.java] [INFO] ScientificCalculator [FACT] - 5
25/03/2023:19:15:38 119 [ScientificCalculator.java] [INFO] ScientificCalculator [RESULT - FACT] - 120
25/03/2023:19:15:38 135 [ScientificCalculator.java] [INFO] ScientificCalculator [LOG] - 2.718281828459045
25/03/2023:19:15:38 136 [ScientificCalculator.java] [INFO] ScientificCalculator [RESULT - LOG] - 1.0
25/03/2023:19:15:38 189 [ScientificCalculator.java] [ERROR] ScientificCalculator [ERROR] - Logarithm of -ve not defined.
25/03/2023:19:15:38 191 [ScientificCalculator.java] [INFO] ScientificCalculator [LOG] - 2.718281828459045
25/03/2023:19:15:38 193 [ScientificCalculator.java] [INFO] ScientificCalculator [RESULT - LOG] - 1.0
25/03/2023:19:15:38 214 [ScientificCalculator.java] [INFO] ScientificCalculator [POW] - 2.0, 4.0
25/03/2023:19:15:38 216 [ScientificCalculator.java] [INFO] ScientificCalculator [RESULT - POW] - 16.0
25/03/2023:19:15:38 218 [ScientificCalculator.java] [ERROR] ScientificCalculator [ERROR] - 0 power 0 is not defined.
25/03/2023:19:15:38 220 [ScientificCalculator.java] [INFO] ScientificCalculator [POW] - 2.0, 4.0
25/03/2023:19:15:38 221 [ScientificCalculator.java] [INFO] ScientificCalculator [RESULT - POW] - 16.0
25/03/2023:19:15:38 225 [ScientificCalculator.java] [INFO] ScientificCalculator [SQRT] - 4.0
25/03/2023:19:15:38 228 [ScientificCalculator.java] [INFO] ScientificCalculator [RESULT - SQRT] - 2.0
25/03/2023:19:15:38 229 [ScientificCalculator.java] [ERROR] ScientificCalculator [ERROR] - Factorial of -ve number not defined.
25/03/2023:19:15:38 231 [ScientificCalculator.java] [INFO] ScientificCalculator [SQRT] - 4.0
25/03/2023:19:15:38 232 [ScientificCalculator.java] [INFO] ScientificCalculator [RESULT - SQRT] - 2.0
25/03/2023:19:15:38 234 [ScientificCalculator.java] [INFO] ScientificCalculator [FACT] - 5
25/03/2023:19:15:38 235 [ScientificCalculator.java] [INFO] ScientificCalculator [RESULT - FACT] - 120
25/03/2023:19:15:38 236 [ScientificCalculator.java] [INFO] ScientificCalculator [FACT] - 2
25/03/2023:19:15:38 237 [ScientificCalculator.java] [INFO] ScientificCalculator [RESULT - FACT] - 2
25/03/2023:19:17:21 744 [ScientificCalculator.java] [INFO] ScientificCalculator [LOG] - 2.718281828459045
25/03/2023:19:17:21 778 [ScientificCalculator.java] [INFO] ScientificCalculator [RESULT - LOG] - 1.0
25/03/2023:19:17:21 795 [ScientificCalculator.java] [ERROR] ScientificCalculator [ERROR] - Logarithm of -ve not defined.
25/03/2023:19:17:21 796 [ScientificCalculator.java] [INFO] ScientificCalculator [LOG] - 2.718281828459045
25/03/2023:19:17:21 796 [ScientificCalculator.java] [INFO] ScientificCalculator [RESULT - LOG] - 1.0
25/03/2023:19:17:21 810 [ScientificCalculator.java] [INFO] ScientificCalculator [POW] - 2.0, 4.0
25/03/2023:19:17:21 811 [ScientificCalculator.java] [INFO] ScientificCalculator [RESULT - POW] - 16.0
25/03/2023:19:17:21 811 [ScientificCalculator.java] [ERROR] ScientificCalculator [ERROR] - 0 power 0 is not defined.
25/03/2023:19:17:21 812 [ScientificCalculator.java] [INFO] ScientificCalculator [POW] - 2.0, 4.0
25/03/2023:19:17:21 813 [ScientificCalculator.java] [INFO] ScientificCalculator [RESULT - POW] - 16.0
25/03/2023:19:17:21 814 [ScientificCalculator.java] [INFO] ScientificCalculator [SQRT] - 4.0
25/03/2023:19:17:21 815 [ScientificCalculator.java] [INFO] ScientificCalculator [RESULT - SQRT] - 2.0
25/03/2023:19:17:21 816 [ScientificCalculator.java] [ERROR] ScientificCalculator [ERROR] - Factorial of -ve number not defined.
25/03/2023:19:17:21 816 [ScientificCalculator.java] [INFO] ScientificCalculator [SQRT] - 4.0
25/03/2023:19:17:21 817 [ScientificCalculator.java] [INFO] ScientificCalculator [RESULT - SQRT] - 2.0
25/03/2023:19:17:21 818 [ScientificCalculator.java] [INFO] ScientificCalculator [FACT] - 5
25/03/2023:19:17:21 819 [ScientificCalculator.java] [INFO] ScientificCalculator [RESULT - FACT] - 120
25/03/2023:19:17:21 820 [ScientificCalculator.java] [INFO] ScientificCalculator [FACT] - 2
25/03/2023:19:17:21 821 [ScientificCalculator.java] [INFO] ScientificCalculator [RESULT - FACT] - 2
25/03/2023:19:17:21 834 [ScientificCalculator.java] [INFO] ScientificCalculator [FACT] - 5
25/03/2023:19:17:21 834 [ScientificCalculator.java] [INFO] ScientificCalculator [RESULT - FACT] - 120
25/03/2023:19:18:00 975 [ScientificCalculator.java] [INFO] ScientificCalculator [LOG] - 2.718281828459045
25/03/2023:19:18:01 011 [ScientificCalculator.java] [INFO] ScientificCalculator [RESULT - LOG] - 1.0
25/03/2023:19:18:01 028 [ScientificCalculator.java] [ERROR] ScientificCalculator [ERROR] - Logarithm of -ve not defined.
25/03/2023:19:18:01 029 [ScientificCalculator.java] [INFO] ScientificCalculator [LOG] - 2.718281828459045
25/03/2023:19:18:01 030 [ScientificCalculator.java] [INFO] ScientificCalculator [RESULT - LOG] - 1.0
25/03/2023:19:18:01 043 [ScientificCalculator.java] [INFO] ScientificCalculator [POW] - 2.0, 4.0
25/03/2023:19:18:01 044 [ScientificCalculator.java] [INFO] ScientificCalculator [RESULT - POW] - 16.0
25/03/2023:19:18:01 045 [ScientificCalculator.java] [ERROR] ScientificCalculator [ERROR] - 0 power 0 is not defined.
25/03/2023:19:18:01 045 [ScientificCalculator.java] [INFO] ScientificCalculator [POW] - 2.0, 4.0
25/03/2023:19:18:01 046 [ScientificCalculator.java] [INFO] ScientificCalculator [RESULT - POW] - 16.0
25/03/2023:19:18:01 048 [ScientificCalculator.java] [INFO] ScientificCalculator [SQRT] - 4.0
25/03/2023:19:18:01 052 [ScientificCalculator.java] [INFO] ScientificCalculator [RESULT - SQRT] - 2.0
25/03/2023:19:18:01 053 [ScientificCalculator.java] [ERROR] ScientificCalculator [ERROR] - Factorial of -ve number not defined.
25/03/2023:19:18:01 054 [ScientificCalculator.java] [INFO] ScientificCalculator [SQRT] - 4.0
25/03/2023:19:18:01 055 [ScientificCalculator.java] [INFO] ScientificCalculator [RESULT - SQRT] - 2.0
25/03/2023:19:18:01 056 [ScientificCalculator.java] [INFO] ScientificCalculator [FACT] - 5
25/03/2023:19:18:01 057 [ScientificCalculator.java] [INFO] ScientificCalculator [RESULT - FACT] - 120
25/03/2023:19:18:01 058 [ScientificCalculator.java] [INFO] ScientificCalculator [FACT] - 2
25/03/2023:19:18:01 059 [ScientificCalculator.java] [INFO] ScientificCalculator [RESULT - FACT] - 2
25/03/2023:19:18:01 072 [ScientificCalculator.java] [INFO] ScientificCalculator [FACT] - 5
25/03/2023:19:18:01 072 [ScientificCalculator.java] [INFO] ScientificCalculator [RESULT - FACT] - 120
25/03/2023:19:18:36 543 [ScientificCalculator.java] [INFO] ScientificCalculator [LOG] - 2.718281828459045
25/03/2023:19:18:36 575 [ScientificCalculator.java] [INFO] ScientificCalculator [RESULT - LOG] - 1.0
25/03/2023:19:18:36 623 [ScientificCalculator.java] [INFO] ScientificCalculator [POW] - 2.0, 4.0
25/03/2023:19:18:36 624 [ScientificCalculator.java] [INFO] ScientificCalculator [RESULT - POW] - 16.0
25/03/2023:19:18:36 637 [ScientificCalculator.java] [ERROR] ScientificCalculator [ERROR] - 0 power 0 is not defined.
25/03/2023:19:18:36 638 [ScientificCalculator.java] [INFO] ScientificCalculator [POW] - 2.0, 4.0
25/03/2023:19:18:36 640 [ScientificCalculator.java] [INFO] ScientificCalculator [RESULT - POW] - 16.0
25/03/2023:19:18:36 646 [ScientificCalculator.java] [INFO] ScientificCalculator [SQRT] - 4.0
25/03/2023:19:18:36 648 [ScientificCalculator.java] [INFO] ScientificCalculator [RESULT - SQRT] - 2.0
25/03/2023:19:18:36 651 [ScientificCalculator.java] [ERROR] ScientificCalculator [ERROR] - Factorial of -ve number not defined.
25/03/2023:19:18:36 653 [ScientificCalculator.java] [INFO] ScientificCalculator [SQRT] - 4.0
25/03/2023:19:18:36 654 [ScientificCalculator.java] [INFO] ScientificCalculator [RESULT - SQRT] - 2.0
25/03/2023:19:18:36 658 [ScientificCalculator.java] [INFO] ScientificCalculator [FACT] - 5
25/03/2023:19:18:36 659 [ScientificCalculator.java] [INFO] ScientificCalculator [RESULT - FACT] - 120
25/03/2023:19:18:36 660 [ScientificCalculator.java] [INFO] ScientificCalculator [FACT] - 2
25/03/2023:19:18:36 661 [ScientificCalculator.java] [INFO] ScientificCalculator [RESULT - FACT] - 2
25/03/2023:19:18:36 661 [ScientificCalculator.java] [ERROR] ScientificCalculator [ERROR] - Factorial of -ve not defined.
25/03/2023:19:18:36 662 [ScientificCalculator.java] [INFO] ScientificCalculator [FACT] - 5
25/03/2023:19:18:36 663 [ScientificCalculator.java] [INFO] ScientificCalculator [RESULT - FACT] - 120
25/03/2023:19:18:36 664 [ScientificCalculator.java] [INFO] ScientificCalculator [LOG] - 2.718281828459045
25/03/2023:19:18:36 664 [ScientificCalculator.java] [INFO] ScientificCalculator [RESULT - LOG] - 1.0
25/03/2023:19:18:36 666 [ScientificCalculator.java] [ERROR] ScientificCalculator [ERROR] - Logarithm of -ve not defined.
25/03/2023:19:52:01 653 [ScientificCalculator.java] [INFO] ScientificCalculator [LOG] - 2.718281828459045
25/03/2023:19:52:01 679 [ScientificCalculator.java] [INFO] ScientificCalculator [RESULT - LOG] - 1.0
25/03/2023:19:52:01 691 [ScientificCalculator.java] [ERROR] ScientificCalculator [ERROR] - Logarithm of -ve not defined.
25/03/2023:19:52:01 692 [ScientificCalculator.java] [INFO] ScientificCalculator [LOG] - 2.718281828459045
25/03/2023:19:52:01 692 [ScientificCalculator.java] [INFO] ScientificCalculator [RESULT - LOG] - 1.0
25/03/2023:19:52:01 703 [ScientificCalculator.java] [INFO] ScientificCalculator [POW] - 2.0, 4.0
25/03/2023:19:52:01 704 [ScientificCalculator.java] [INFO] ScientificCalculator [RESULT - POW] - 16.0
25/03/2023:19:52:01 704 [ScientificCalculator.java] [ERROR] ScientificCalculator [ERROR] - 0 power 0 is not defined.
25/03/2023:19:52:01 705 [ScientificCalculator.java] [INFO] ScientificCalculator [POW] - 2.0, 4.0
25/03/2023:19:52:01 706 [ScientificCalculator.java] [INFO] ScientificCalculator [RESULT - POW] - 16.0
25/03/2023:19:52:01 708 [ScientificCalculator.java] [INFO] ScientificCalculator [SQRT] - 4.0
25/03/2023:19:52:01 709 [ScientificCalculator.java] [INFO] ScientificCalculator [RESULT - SQRT] - 2.0
25/03/2023:19:52:01 710 [ScientificCalculator.java] [ERROR] ScientificCalculator [ERROR] - Factorial of -ve number not defined.
25/03/2023:19:52:01 711 [ScientificCalculator.java] [INFO] ScientificCalculator [SQRT] - 4.0
25/03/2023:19:52:01 713 [ScientificCalculator.java] [INFO] ScientificCalculator [RESULT - SQRT] - 2.0
25/03/2023:19:52:01 714 [ScientificCalculator.java] [INFO] ScientificCalculator [FACT] - 5
25/03/2023:19:52:01 714 [ScientificCalculator.java] [INFO] ScientificCalculator [RESULT - FACT] - 120
25/03/2023:19:52:01 714 [ScientificCalculator.java] [INFO] ScientificCalculator [FACT] - 2
25/03/2023:19:52:01 715 [ScientificCalculator.java] [INFO] ScientificCalculator [RESULT - FACT] - 2
25/03/2023:19:52:01 715 [ScientificCalculator.java] [ERROR] ScientificCalculator [ERROR] - Factorial of -ve not defined.
25/03/2023:19:52:01 716 [ScientificCalculator.java] [INFO] ScientificCalculator [FACT] - 5
25/03/2023:19:52:01 716 [ScientificCalculator.java] [INFO] ScientificCalculator [RESULT - FACT] - 120
25/03/2023:19:53:47 709 [ScientificCalculator.java] [INFO] ScientificCalculator [LOG] - 2.718281828459045
25/03/2023:19:53:47 733 [ScientificCalculator.java] [INFO] ScientificCalculator [RESULT - LOG] - 1.0
25/03/2023:19:53:47 745 [ScientificCalculator.java] [ERROR] ScientificCalculator [ERROR] - Logarithm of -ve not defined.
25/03/2023:19:53:47 745 [ScientificCalculator.java] [INFO] ScientificCalculator [LOG] - 2.718281828459045
25/03/2023:19:53:47 746 [ScientificCalculator.java] [INFO] ScientificCalculator [RESULT - LOG] - 1.0
25/03/2023:19:53:47 756 [ScientificCalculator.java] [INFO] ScientificCalculator [POW] - 2.0, 4.0
25/03/2023:19:53:47 757 [ScientificCalculator.java] [INFO] ScientificCalculator [RESULT - POW] - 16.0
25/03/2023:19:53:47 757 [ScientificCalculator.java] [ERROR] ScientificCalculator [ERROR] - 0 power 0 is not defined.
25/03/2023:19:53:47 758 [ScientificCalculator.java] [INFO] ScientificCalculator [POW] - 2.0, 4.0
25/03/2023:19:53:47 758 [ScientificCalculator.java] [INFO] ScientificCalculator [RESULT - POW] - 16.0
25/03/2023:19:53:47 759 [ScientificCalculator.java] [INFO] ScientificCalculator [SQRT] - 4.0
25/03/2023:19:53:47 760 [ScientificCalculator.java] [INFO] ScientificCalculator [RESULT - SQRT] - 2.0
25/03/2023:19:53:47 760 [ScientificCalculator.java] [ERROR] ScientificCalculator [ERROR] - Factorial of -ve number not defined.
25/03/2023:19:53:47 761 [ScientificCalculator.java] [INFO] ScientificCalculator [SQRT] - 4.0
25/03/2023:19:53:47 761 [ScientificCalculator.java] [INFO] ScientificCalculator [RESULT - SQRT] - 2.0
25/03/2023:19:53:47 762 [ScientificCalculator.java] [INFO] ScientificCalculator [FACT] - 5
25/03/2023:19:53:47 762 [ScientificCalculator.java] [INFO] ScientificCalculator [RESULT - FACT] - 120
25/03/2023:19:53:47 762 [ScientificCalculator.java] [INFO] ScientificCalculator [FACT] - 2
25/03/2023:19:53:47 763 [ScientificCalculator.java] [INFO] ScientificCalculator [RESULT - FACT] - 2
25/03/2023:19:53:47 763 [ScientificCalculator.java] [ERROR] ScientificCalculator [ERROR] - Factorial of -ve not defined.
25/03/2023:19:53:47 763 [ScientificCalculator.java] [INFO] ScientificCalculator [FACT] - 5
25/03/2023:19:53:47 764 [ScientificCalculator.java] [INFO] ScientificCalculator [RESULT - FACT] - 120
